vhr_android_demo/app/build/intermediates/manifest_merge_blame_file/debug/manifest-merger-blame-debug-report.txt
1<?xml version="1.0" encoding="utf-8"?>
2<manifest xmlns:android="http://schemas.android.com/apk/res/android"
3    package="com.example.vhr_android_demo"
4    android:versionCode="1"
5    android:versionName="1.0" >
6
7    <uses-sdk
8        android:minSdkVersion="21"
8-->src\main\AndroidManifest.xml
9        android:targetSdkVersion="30" />
9-->src\main\AndroidManifest.xml
10
11    <uses-permission android:name="android.permission.INTERNET" />
11-->src\main\AndroidManifest.xml:6:5-67
11-->src\main\AndroidManifest.xml:6:22-64
12
13    <application
13-->src\main\AndroidManifest.xml:8:5-70:19
14        android:allowBackup="true"
14-->src\main\AndroidManifest.xml:9:9-35
15        android:appComponentFactory="androidx.core.app.CoreComponentFactory"
15-->[androidx.core:core:1.5.0] AndroidManifest.xml:24:18-86
16        android:debuggable="true"
17        android:icon="@mipmap/ic_launcher"
17-->src\main\AndroidManifest.xml:10:9-43
18        android:label="@string/app_name"
18-->src\main\AndroidManifest.xml:11:9-41
19        android:roundIcon="@mipmap/ic_launcher_round"
19-->src\main\AndroidManifest.xml:12:9-54
20        android:supportsRtl="true"
20-->src\main\AndroidManifest.xml:13:9-35
21        android:testOnly="true"
22        android:theme="@style/Theme.Vhr_android_demo"
22-->src\main\AndroidManifest.xml:14:9-54
23        android:usesCleartextTraffic="true" >
23-->src\main\AndroidManifest.xml:15:9-44
24        <activity
24-->src\main\AndroidManifest.xml:17:9-25:20
25            android:name="com.example.vhr_android_demo.MainActivity"
25-->src\main\AndroidManifest.xml:18:13-41
26            android:exported="true" >
26-->src\main\AndroidManifest.xml:19:13-36
27            <intent-filter>
27-->src\main\AndroidManifest.xml:20:13-24:29
28                <action android:name="android.intent.action.MAIN" />
28-->src\main\AndroidManifest.xml:21:17-69
28-->src\main\AndroidManifest.xml:21:25-66
29
30                <category android:name="android.intent.category.LAUNCHER" />
30-->src\main\AndroidManifest.xml:23:17-77
30-->src\main\AndroidManifest.xml:23:27-74
31            </intent-filter>
32        </activity>
33        <activity
33-->src\main\AndroidManifest.xml:26:9-35:20
34            android:name="com.example.vhr_android_demo.LoginDoneActivity"
34-->src\main\AndroidManifest.xml:27:13-46
35            android:exported="true" >
35-->src\main\AndroidManifest.xml:28:13-36
36            <intent-filter>
36-->src\main\AndroidManifest.xml:30:13-34:29
37                <action android:name="android.intent.action.MAIN" />
37-->src\main\AndroidManifest.xml:21:17-69
37-->src\main\AndroidManifest.xml:21:25-66
38
39                <category android:name="android.intent.category.DEFAULT" />
39-->src\main\AndroidManifest.xml:33:17-76
39-->src\main\AndroidManifest.xml:33:27-73
40            </intent-filter>
41        </activity>
42        <activity
42-->src\main\AndroidManifest.xml:37:9-39:39
43            android:name="com.example.vhr_android_demo.RegistActivity"
43-->src\main\AndroidManifest.xml:38:13-43
44            android:exported="true" />
44-->src\main\AndroidManifest.xml:39:13-36
45        <activity
45-->src\main\AndroidManifest.xml:40:9-42:39
46            android:name="com.example.vhr_android_demo.EmployeeActivity"
46-->src\main\AndroidManifest.xml:41:13-45
47            android:exported="true" />
47-->src\main\AndroidManifest.xml:42:13-36
48        <activity
48-->src\main\AndroidManifest.xml:43:9-46:45
49            android:name="com.example.vhr_android_demo.EmployeeDetailsFragment"
49-->src\main\AndroidManifest.xml:44:13-52
50            android:exported="true" />
50-->src\main\AndroidManifest.xml:45:13-36
51        <activity
51-->src\main\AndroidManifest.xml:47:9-50:45
52            android:name="com.example.vhr_android_demo.EmployeeTitlesFragment"
52-->src\main\AndroidManifest.xml:48:13-51
53            android:exported="true" />
53-->src\main\AndroidManifest.xml:49:13-36
54        <activity
54-->src\main\AndroidManifest.xml:51:9-53:47
55            android:name="com.example.vhr_android_demo.EmployeeActivity$DetailsActivity"
55-->src\main\AndroidManifest.xml:52:13-61
56            android:label="EmployeeDetails" />
56-->src\main\AndroidManifest.xml:53:13-44
57        <activity
57-->src\main\AndroidManifest.xml:55:9-58:45
58            android:name="com.example.vhr_android_demo.SalaryActivity"
58-->src\main\AndroidManifest.xml:56:13-43
59            android:exported="true" />
59-->src\main\AndroidManifest.xml:57:13-36
60        <activity
60-->src\main\AndroidManifest.xml:59:9-62:45
61            android:name="com.example.vhr_android_demo.SalaryDetailsFragment"
61-->src\main\AndroidManifest.xml:60:13-50
62            android:exported="true" />
62-->src\main\AndroidManifest.xml:61:13-36
63        <activity
63-->src\main\AndroidManifest.xml:63:9-66:45
64            android:name="com.example.vhr_android_demo.SalaryTitlesFragment"
64-->src\main\AndroidManifest.xml:64:13-49
65            android:exported="true" />
65-->src\main\AndroidManifest.xml:65:13-36
66        <activity
66-->src\main\AndroidManifest.xml:67:9-69:45
67            android:name="com.example.vhr_android_demo.SalaryActivity$DetailsActivity"
67-->src\main\AndroidManifest.xml:68:13-59
68            android:label="SalaryDetails" />
68-->src\main\AndroidManifest.xml:69:13-42
69    </application>
70
71</manifest>